The system is: Linux - 3.12.6 - x86_64
Compiling the C compiler identification source file "CMakeCCompilerId.c" succeeded.
Compiler: /usr/bin/cc 
Build flags: 
Id flags: 

The output was:
0


Compilation of the C compiler identification source "CMakeCCompilerId.c" produced "a.out"

The C compiler identification is GNU, found in "/home/zaharov/dev/zalloc/CMakeFiles/2.8.11.2/CompilerIdC/a.out"

Compiling the CXX compiler identification source file "CMakeCXXCompilerId.cpp" succeeded.
Compiler: /usr/bin/c++ 
Build flags: 
Id flags: 

The output was:
0


Compilation of the CXX compiler identification source "CMakeCXXCompilerId.cpp" produced "a.out"

The CXX compiler identification is GNU, found in "/home/zaharov/dev/zalloc/CMakeFiles/2.8.11.2/CompilerIdCXX/a.out"

Determining if the C compiler works passed with the following output:
Change Dir: /home/zaharov/dev/zalloc/CMakeFiles/CMakeTmp

Run Build Command:/usr/bin/gmake "cmTryCompileExec746980243/fast"
gmake[1]: Вход в каталог `/home/zaharov/dev/zalloc/CMakeFiles/CMakeTmp'
/usr/bin/gmake -f CMakeFiles/cmTryCompileExec746980243.dir/build.make CMakeFiles/cmTryCompileExec746980243.dir/build
gmake[2]: Вход в каталог `/home/zaharov/dev/zalloc/CMakeFiles/CMakeTmp'
/usr/bin/cmake -E cmake_progress_report /home/zaharov/dev/zalloc/CMakeFiles/CMakeTmp/CMakeFiles 1
Building C object CMakeFiles/cmTryCompileExec746980243.dir/testCCompiler.c.o
/usr/bin/cc    -o CMakeFiles/cmTryCompileExec746980243.dir/testCCompiler.c.o   -c /home/zaharov/dev/zalloc/CMakeFiles/CMakeTmp/testCCompiler.c
Linking C executable cmTryCompileExec746980243
/usr/bin/cmake -E cmake_link_script CMakeFiles/cmTryCompileExec746980243.dir/link.txt --verbose=1
/usr/bin/cc         CMakeFiles/cmTryCompileExec746980243.dir/testCCompiler.c.o  -o cmTryCompileExec746980243 -rdynamic 
gmake[2]: Выход из каталога `/home/zaharov/dev/zalloc/CMakeFiles/CMakeTmp'
gmake[1]: Выход из каталога `/home/zaharov/dev/zalloc/CMakeFiles/CMakeTmp'


Detecting C compiler ABI info compiled with the following output:
Change Dir: /home/zaharov/dev/zalloc/CMakeFiles/CMakeTmp

Run Build Command:/usr/bin/gmake "cmTryCompileExec3387359817/fast"
gmake[1]: Вход в каталог `/home/zaharov/dev/zalloc/CMakeFiles/CMakeTmp'
/usr/bin/gmake -f CMakeFiles/cmTryCompileExec3387359817.dir/build.make CMakeFiles/cmTryCompileExec3387359817.dir/build
gmake[2]: Вход в каталог `/home/zaharov/dev/zalloc/CMakeFiles/CMakeTmp'
/usr/bin/cmake -E cmake_progress_report /home/zaharov/dev/zalloc/CMakeFiles/CMakeTmp/CMakeFiles 1
Building C object CMakeFiles/cmTryCompileExec3387359817.dir/CMakeCCompilerABI.c.o
/usr/bin/cc    -o CMakeFiles/cmTryCompileExec3387359817.dir/CMakeCCompilerABI.c.o   -c /usr/share/cmake/Modules/CMakeCCompilerABI.c
Linking C executable cmTryCompileExec3387359817
/usr/bin/cmake -E cmake_link_script CMakeFiles/cmTryCompileExec3387359817.dir/link.txt --verbose=1
/usr/bin/cc       -v CMakeFiles/cmTryCompileExec3387359817.dir/CMakeCCompilerABI.c.o  -o cmTryCompileExec3387359817 -rdynamic  
Используются внутренние спецификации.
COLLECT_GCC=/usr/x86_64-pc-linux-gnu/gcc-bin/4.8.1/gcc
COLLECT_LTO_WRAPPER=/usr/libexec/gcc/x86_64-pc-linux-gnu/4.8.1/lto-wrapper
Целевая архитектура: x86_64-pc-linux-gnu
Параметры конфигурации: /var/tmp/portage/sys-devel/gcc-4.8.1-r1/work/gcc-4.8.1/configure --host=x86_64-pc-linux-gnu --build=x86_64-pc-linux-gnu --prefix=/usr --bindir=/usr/x86_64-pc-linux-gnu/gcc-bin/4.8.1 --includedir=/usr/lib/gcc/x86_64-pc-linux-gnu/4.8.1/include --datadir=/usr/share/gcc-data/x86_64-pc-linux-gnu/4.8.1 --mandir=/usr/share/gcc-data/x86_64-pc-linux-gnu/4.8.1/man --infodir=/usr/share/gcc-data/x86_64-pc-linux-gnu/4.8.1/info --with-gxx-include-dir=/usr/lib/gcc/x86_64-pc-linux-gnu/4.8.1/include/g++-v4 --with-python-dir=/share/gcc-data/x86_64-pc-linux-gnu/4.8.1/python --enable-languages=c,c++,fortran --enable-obsolete --enable-secureplt --disable-werror --with-system-zlib --enable-nls --without-included-gettext --enable-checking=release --with-bugurl=https://bugs.gentoo.org/ --with-pkgversion='Gentoo 4.8.1-r1 p1.2, pie-0.5.7' --enable-libstdcxx-time --enable-shared --enable-threads=posix --enable-__cxa_atexit --enable-clocale=gnu --enable-multilib --with-multilib-list=m32,m64 --disable-altivec --disable-fixed-point --enable-targets=all --disable-libgcj --enable-libgomp --disable-libmudflap --disable-libssp --enable-lto --without-cloog
Модель многопоточности: posix
gcc версия 4.8.1 (Gentoo 4.8.1-r1 p1.2, pie-0.5.7) 
COMPILER_PATH=/usr/libexec/gcc/x86_64-pc-linux-gnu/4.8.1/:/usr/libexec/gcc/x86_64-pc-linux-gnu/4.8.1/:/usr/libexec/gcc/x86_64-pc-linux-gnu/:/usr/lib/gcc/x86_64-pc-linux-gnu/4.8.1/:/usr/lib/gcc/x86_64-pc-linux-gnu/:/usr/lib/gcc/x86_64-pc-linux-gnu/4.8.1/../../../../x86_64-pc-linux-gnu/bin/
LIBRARY_PATH=/usr/lib/gcc/x86_64-pc-linux-gnu/4.8.1/:/usr/lib/gcc/x86_64-pc-linux-gnu/4.8.1/../../../../lib64/:/lib/../lib64/:/usr/lib/../lib64/:/usr/lib/gcc/x86_64-pc-linux-gnu/4.8.1/../../../../x86_64-pc-linux-gnu/lib/:/usr/lib/gcc/x86_64-pc-linux-gnu/4.8.1/../../../:/lib/:/usr/lib/
COLLECT_GCC_OPTIONS='-v' '-o' 'cmTryCompileExec3387359817' '-rdynamic' '-mtune=generic' '-march=x86-64'
 /usr/libexec/gcc/x86_64-pc-linux-gnu/4.8.1/collect2 --eh-frame-hdr -m elf_x86_64 -export-dynamic -dynamic-linker /lib64/ld-linux-x86-64.so.2 -o cmTryCompileExec3387359817 /usr/lib/gcc/x86_64-pc-linux-gnu/4.8.1/../../../../lib64/crt1.o /usr/lib/gcc/x86_64-pc-linux-gnu/4.8.1/../../../../lib64/crti.o /usr/lib/gcc/x86_64-pc-linux-gnu/4.8.1/crtbegin.o -L/usr/lib/gcc/x86_64-pc-linux-gnu/4.8.1 -L/usr/lib/gcc/x86_64-pc-linux-gnu/4.8.1/../../../../lib64 -L/lib/../lib64 -L/usr/lib/../lib64 -L/usr/lib/gcc/x86_64-pc-linux-gnu/4.8.1/../../../../x86_64-pc-linux-gnu/lib -L/usr/lib/gcc/x86_64-pc-linux-gnu/4.8.1/../../.. CMakeFiles/cmTryCompileExec3387359817.dir/CMakeCCompilerABI.c.o -lgcc --as-needed -lgcc_s --no-as-needed -lc -lgcc --as-needed -lgcc_s --no-as-needed /usr/lib/gcc/x86_64-pc-linux-gnu/4.8.1/crtend.o /usr/lib/gcc/x86_64-pc-linux-gnu/4.8.1/../../../../lib64/crtn.o
gmake[2]: Выход из каталога `/home/zaharov/dev/zalloc/CMakeFiles/CMakeTmp'
gmake[1]: Выход из каталога `/home/zaharov/dev/zalloc/CMakeFiles/CMakeTmp'


Parsed C implicit link information from above output:
  link line regex: [^( *|.*[/\])(ld|ld|collect2)[^/\]*( |$)]
  ignore line: [Change Dir: /home/zaharov/dev/zalloc/CMakeFiles/CMakeTmp]
  ignore line: []
  ignore line: [Run Build Command:/usr/bin/gmake "cmTryCompileExec3387359817/fast"]
  ignore line: [gmake[1]: Вход в каталог `/home/zaharov/dev/zalloc/CMakeFiles/CMakeTmp']
  ignore line: [/usr/bin/gmake -f CMakeFiles/cmTryCompileExec3387359817.dir/build.make CMakeFiles/cmTryCompileExec3387359817.dir/build]
  ignore line: [gmake[2]: Вход в каталог `/home/zaharov/dev/zalloc/CMakeFiles/CMakeTmp']
  ignore line: [/usr/bin/cmake -E cmake_progress_report /home/zaharov/dev/zalloc/CMakeFiles/CMakeTmp/CMakeFiles 1]
  ignore line: [Building C object CMakeFiles/cmTryCompileExec3387359817.dir/CMakeCCompilerABI.c.o]
  ignore line: [/usr/bin/cc    -o CMakeFiles/cmTryCompileExec3387359817.dir/CMakeCCompilerABI.c.o   -c /usr/share/cmake/Modules/CMakeCCompilerABI.c]
  ignore line: [Linking C executable cmTryCompileExec3387359817]
  ignore line: [/usr/bin/cmake -E cmake_link_script CMakeFiles/cmTryCompileExec3387359817.dir/link.txt --verbose=1]
  ignore line: [/usr/bin/cc       -v CMakeFiles/cmTryCompileExec3387359817.dir/CMakeCCompilerABI.c.o  -o cmTryCompileExec3387359817 -rdynamic  ]
  ignore line: [Используются внутренние спецификации.]
  ignore line: [COLLECT_GCC=/usr/x86_64-pc-linux-gnu/gcc-bin/4.8.1/gcc]
  ignore line: [COLLECT_LTO_WRAPPER=/usr/libexec/gcc/x86_64-pc-linux-gnu/4.8.1/lto-wrapper]
  ignore line: [Целевая архитектура: x86_64-pc-linux-gnu]
  ignore line: [Параметры конфигурации: /var/tmp/portage/sys-devel/gcc-4.8.1-r1/work/gcc-4.8.1/configure --host=x86_64-pc-linux-gnu --build=x86_64-pc-linux-gnu --prefix=/usr --bindir=/usr/x86_64-pc-linux-gnu/gcc-bin/4.8.1 --includedir=/usr/lib/gcc/x86_64-pc-linux-gnu/4.8.1/include --datadir=/usr/share/gcc-data/x86_64-pc-linux-gnu/4.8.1 --mandir=/usr/share/gcc-data/x86_64-pc-linux-gnu/4.8.1/man --infodir=/usr/share/gcc-data/x86_64-pc-linux-gnu/4.8.1/info --with-gxx-include-dir=/usr/lib/gcc/x86_64-pc-linux-gnu/4.8.1/include/g++-v4 --with-python-dir=/share/gcc-data/x86_64-pc-linux-gnu/4.8.1/python --enable-languages=c,c++,fortran --enable-obsolete --enable-secureplt --disable-werror --with-system-zlib --enable-nls --without-included-gettext --enable-checking=release --with-bugurl=https://bugs.gentoo.org/ --with-pkgversion='Gentoo 4.8.1-r1 p1.2, pie-0.5.7' --enable-libstdcxx-time --enable-shared --enable-threads=posix --enable-__cxa_atexit --enable-clocale=gnu --enable-multilib --with-multilib-list=m32,m64 --disable-altivec --disable-fixed-point --enable-targets=all --disable-libgcj --enable-libgomp --disable-libmudflap --disable-libssp --enable-lto --without-cloog]
  ignore line: [Модель многопоточности: posix]
  ignore line: [gcc версия 4.8.1 (Gentoo 4.8.1-r1 p1.2, pie-0.5.7) ]
  ignore line: [COMPILER_PATH=/usr/libexec/gcc/x86_64-pc-linux-gnu/4.8.1/:/usr/libexec/gcc/x86_64-pc-linux-gnu/4.8.1/:/usr/libexec/gcc/x86_64-pc-linux-gnu/:/usr/lib/gcc/x86_64-pc-linux-gnu/4.8.1/:/usr/lib/gcc/x86_64-pc-linux-gnu/:/usr/lib/gcc/x86_64-pc-linux-gnu/4.8.1/../../../../x86_64-pc-linux-gnu/bin/]
  ignore line: [LIBRARY_PATH=/usr/lib/gcc/x86_64-pc-linux-gnu/4.8.1/:/usr/lib/gcc/x86_64-pc-linux-gnu/4.8.1/../../../../lib64/:/lib/../lib64/:/usr/lib/../lib64/:/usr/lib/gcc/x86_64-pc-linux-gnu/4.8.1/../../../../x86_64-pc-linux-gnu/lib/:/usr/lib/gcc/x86_64-pc-linux-gnu/4.8.1/../../../:/lib/:/usr/lib/]
  ignore line: [COLLECT_GCC_OPTIONS='-v' '-o' 'cmTryCompileExec3387359817' '-rdynamic' '-mtune=generic' '-march=x86-64']
  link line: [ /usr/libexec/gcc/x86_64-pc-linux-gnu/4.8.1/collect2 --eh-frame-hdr -m elf_x86_64 -export-dynamic -dynamic-linker /lib64/ld-linux-x86-64.so.2 -o cmTryCompileExec3387359817 /usr/lib/gcc/x86_64-pc-linux-gnu/4.8.1/../../../../lib64/crt1.o /usr/lib/gcc/x86_64-pc-linux-gnu/4.8.1/../../../../lib64/crti.o /usr/lib/gcc/x86_64-pc-linux-gnu/4.8.1/crtbegin.o -L/usr/lib/gcc/x86_64-pc-linux-gnu/4.8.1 -L/usr/lib/gcc/x86_64-pc-linux-gnu/4.8.1/../../../../lib64 -L/lib/../lib64 -L/usr/lib/../lib64 -L/usr/lib/gcc/x86_64-pc-linux-gnu/4.8.1/../../../../x86_64-pc-linux-gnu/lib -L/usr/lib/gcc/x86_64-pc-linux-gnu/4.8.1/../../.. CMakeFiles/cmTryCompileExec3387359817.dir/CMakeCCompilerABI.c.o -lgcc --as-needed -lgcc_s --no-as-needed -lc -lgcc --as-needed -lgcc_s --no-as-needed /usr/lib/gcc/x86_64-pc-linux-gnu/4.8.1/crtend.o /usr/lib/gcc/x86_64-pc-linux-gnu/4.8.1/../../../../lib64/crtn.o]
    arg [/usr/libexec/gcc/x86_64-pc-linux-gnu/4.8.1/collect2] ==> ignore
    arg [--eh-frame-hdr] ==> ignore
    arg [-m] ==> ignore
    arg [elf_x86_64] ==> ignore
    arg [-export-dynamic] ==> ignore
    arg [-dynamic-linker] ==> ignore
    arg [/lib64/ld-linux-x86-64.so.2] ==> ignore
    arg [-o] ==> ignore
    arg [cmTryCompileExec3387359817] ==> ignore
    arg [/usr/lib/gcc/x86_64-pc-linux-gnu/4.8.1/../../../../lib64/crt1.o] ==> ignore
    arg [/usr/lib/gcc/x86_64-pc-linux-gnu/4.8.1/../../../../lib64/crti.o] ==> ignore
    arg [/usr/lib/gcc/x86_64-pc-linux-gnu/4.8.1/crtbegin.o] ==> ignore
    arg [-L/usr/lib/gcc/x86_64-pc-linux-gnu/4.8.1] ==> dir [/usr/lib/gcc/x86_64-pc-linux-gnu/4.8.1]
    arg [-L/usr/lib/gcc/x86_64-pc-linux-gnu/4.8.1/../../../../lib64] ==> dir [/usr/lib/gcc/x86_64-pc-linux-gnu/4.8.1/../../../../lib64]
    arg [-L/lib/../lib64] ==> dir [/lib/../lib64]
    arg [-L/usr/lib/../lib64] ==> dir [/usr/lib/../lib64]
    arg [-L/usr/lib/gcc/x86_64-pc-linux-gnu/4.8.1/../../../../x86_64-pc-linux-gnu/lib] ==> dir [/usr/lib/gcc/x86_64-pc-linux-gnu/4.8.1/../../../../x86_64-pc-linux-gnu/lib]
    arg [-L/usr/lib/gcc/x86_64-pc-linux-gnu/4.8.1/../../..] ==> dir [/usr/lib/gcc/x86_64-pc-linux-gnu/4.8.1/../../..]
    arg [CMakeFiles/cmTryCompileExec3387359817.dir/CMakeCCompilerABI.c.o] ==> ignore
    arg [-lgcc] ==> lib [gcc]
    arg [--as-needed] ==> ignore
    arg [-lgcc_s] ==> lib [gcc_s]
    arg [--no-as-needed] ==> ignore
    arg [-lc] ==> lib [c]
    arg [-lgcc] ==> lib [gcc]
    arg [--as-needed] ==> ignore
    arg [-lgcc_s] ==> lib [gcc_s]
    arg [--no-as-needed] ==> ignore
    arg [/usr/lib/gcc/x86_64-pc-linux-gnu/4.8.1/crtend.o] ==> ignore
    arg [/usr/lib/gcc/x86_64-pc-linux-gnu/4.8.1/../../../../lib64/crtn.o] ==> ignore
  remove lib [gcc]
  remove lib [gcc_s]
  remove lib [gcc]
  remove lib [gcc_s]
  collapse library dir [/usr/lib/gcc/x86_64-pc-linux-gnu/4.8.1] ==> [/usr/lib/gcc/x86_64-pc-linux-gnu/4.8.1]
  collapse library dir [/usr/lib/gcc/x86_64-pc-linux-gnu/4.8.1/../../../../lib64] ==> [/usr/lib64]
  collapse library dir [/lib/../lib64] ==> [/lib64]
  collapse library dir [/usr/lib/../lib64] ==> [/usr/lib64]
  collapse library dir [/usr/lib/gcc/x86_64-pc-linux-gnu/4.8.1/../../../../x86_64-pc-linux-gnu/lib] ==> [/usr/x86_64-pc-linux-gnu/lib]
  collapse library dir [/usr/lib/gcc/x86_64-pc-linux-gnu/4.8.1/../../..] ==> [/usr/lib]
  implicit libs: [c]
  implicit dirs: [/usr/lib/gcc/x86_64-pc-linux-gnu/4.8.1;/usr/lib64;/lib64;/usr/x86_64-pc-linux-gnu/lib;/usr/lib]
  implicit fwks: []


Determining if the CXX compiler works passed with the following output:
Change Dir: /home/zaharov/dev/zalloc/CMakeFiles/CMakeTmp

Run Build Command:/usr/bin/gmake "cmTryCompileExec3018794822/fast"
gmake[1]: Вход в каталог `/home/zaharov/dev/zalloc/CMakeFiles/CMakeTmp'
/usr/bin/gmake -f CMakeFiles/cmTryCompileExec3018794822.dir/build.make CMakeFiles/cmTryCompileExec3018794822.dir/build
gmake[2]: Вход в каталог `/home/zaharov/dev/zalloc/CMakeFiles/CMakeTmp'
/usr/bin/cmake -E cmake_progress_report /home/zaharov/dev/zalloc/CMakeFiles/CMakeTmp/CMakeFiles 1
Building CXX object CMakeFiles/cmTryCompileExec3018794822.dir/testCXXCompiler.cxx.o
/usr/bin/c++     -o CMakeFiles/cmTryCompileExec3018794822.dir/testCXXCompiler.cxx.o -c /home/zaharov/dev/zalloc/CMakeFiles/CMakeTmp/testCXXCompiler.cxx
Linking CXX executable cmTryCompileExec3018794822
/usr/bin/cmake -E cmake_link_script CMakeFiles/cmTryCompileExec3018794822.dir/link.txt --verbose=1
/usr/bin/c++          CMakeFiles/cmTryCompileExec3018794822.dir/testCXXCompiler.cxx.o  -o cmTryCompileExec3018794822 -rdynamic 
gmake[2]: Выход из каталога `/home/zaharov/dev/zalloc/CMakeFiles/CMakeTmp'
gmake[1]: Выход из каталога `/home/zaharov/dev/zalloc/CMakeFiles/CMakeTmp'


Detecting CXX compiler ABI info compiled with the following output:
Change Dir: /home/zaharov/dev/zalloc/CMakeFiles/CMakeTmp

Run Build Command:/usr/bin/gmake "cmTryCompileExec3662464659/fast"
gmake[1]: Вход в каталог `/home/zaharov/dev/zalloc/CMakeFiles/CMakeTmp'
/usr/bin/gmake -f CMakeFiles/cmTryCompileExec3662464659.dir/build.make CMakeFiles/cmTryCompileExec3662464659.dir/build
gmake[2]: Вход в каталог `/home/zaharov/dev/zalloc/CMakeFiles/CMakeTmp'
/usr/bin/cmake -E cmake_progress_report /home/zaharov/dev/zalloc/CMakeFiles/CMakeTmp/CMakeFiles 1
Building CXX object CMakeFiles/cmTryCompileExec3662464659.dir/CMakeCXXCompilerABI.cpp.o
/usr/bin/c++     -o CMakeFiles/cmTryCompileExec3662464659.dir/CMakeCXXCompilerABI.cpp.o -c /usr/share/cmake/Modules/CMakeCXXCompilerABI.cpp
Linking CXX executable cmTryCompileExec3662464659
/usr/bin/cmake -E cmake_link_script CMakeFiles/cmTryCompileExec3662464659.dir/link.txt --verbose=1
/usr/bin/c++        -v CMakeFiles/cmTryCompileExec3662464659.dir/CMakeCXXCompilerABI.cpp.o  -o cmTryCompileExec3662464659 -rdynamic  
Используются внутренние спецификации.
COLLECT_GCC=/usr/x86_64-pc-linux-gnu/gcc-bin/4.8.1/c++
COLLECT_LTO_WRAPPER=/usr/libexec/gcc/x86_64-pc-linux-gnu/4.8.1/lto-wrapper
Целевая архитектура: x86_64-pc-linux-gnu
Параметры конфигурации: /var/tmp/portage/sys-devel/gcc-4.8.1-r1/work/gcc-4.8.1/configure --host=x86_64-pc-linux-gnu --build=x86_64-pc-linux-gnu --prefix=/usr --bindir=/usr/x86_64-pc-linux-gnu/gcc-bin/4.8.1 --includedir=/usr/lib/gcc/x86_64-pc-linux-gnu/4.8.1/include --datadir=/usr/share/gcc-data/x86_64-pc-linux-gnu/4.8.1 --mandir=/usr/share/gcc-data/x86_64-pc-linux-gnu/4.8.1/man --infodir=/usr/share/gcc-data/x86_64-pc-linux-gnu/4.8.1/info --with-gxx-include-dir=/usr/lib/gcc/x86_64-pc-linux-gnu/4.8.1/include/g++-v4 --with-python-dir=/share/gcc-data/x86_64-pc-linux-gnu/4.8.1/python --enable-languages=c,c++,fortran --enable-obsolete --enable-secureplt --disable-werror --with-system-zlib --enable-nls --without-included-gettext --enable-checking=release --with-bugurl=https://bugs.gentoo.org/ --with-pkgversion='Gentoo 4.8.1-r1 p1.2, pie-0.5.7' --enable-libstdcxx-time --enable-shared --enable-threads=posix --enable-__cxa_atexit --enable-clocale=gnu --enable-multilib --with-multilib-list=m32,m64 --disable-altivec --disable-fixed-point --enable-targets=all --disable-libgcj --enable-libgomp --disable-libmudflap --disable-libssp --enable-lto --without-cloog
Модель многопоточности: posix
gcc версия 4.8.1 (Gentoo 4.8.1-r1 p1.2, pie-0.5.7) 
COMPILER_PATH=/usr/libexec/gcc/x86_64-pc-linux-gnu/4.8.1/:/usr/libexec/gcc/x86_64-pc-linux-gnu/4.8.1/:/usr/libexec/gcc/x86_64-pc-linux-gnu/:/usr/lib/gcc/x86_64-pc-linux-gnu/4.8.1/:/usr/lib/gcc/x86_64-pc-linux-gnu/:/usr/lib/gcc/x86_64-pc-linux-gnu/4.8.1/../../../../x86_64-pc-linux-gnu/bin/
LIBRARY_PATH=/usr/lib/gcc/x86_64-pc-linux-gnu/4.8.1/:/usr/lib/gcc/x86_64-pc-linux-gnu/4.8.1/../../../../lib64/:/lib/../lib64/:/usr/lib/../lib64/:/usr/lib/gcc/x86_64-pc-linux-gnu/4.8.1/../../../../x86_64-pc-linux-gnu/lib/:/usr/lib/gcc/x86_64-pc-linux-gnu/4.8.1/../../../:/lib/:/usr/lib/
COLLECT_GCC_OPTIONS='-v' '-o' 'cmTryCompileExec3662464659' '-rdynamic' '-shared-libgcc' '-mtune=generic' '-march=x86-64'
 /usr/libexec/gcc/x86_64-pc-linux-gnu/4.8.1/collect2 --eh-frame-hdr -m elf_x86_64 -export-dynamic -dynamic-linker /lib64/ld-linux-x86-64.so.2 -o cmTryCompileExec3662464659 /usr/lib/gcc/x86_64-pc-linux-gnu/4.8.1/../../../../lib64/crt1.o /usr/lib/gcc/x86_64-pc-linux-gnu/4.8.1/../../../../lib64/crti.o /usr/lib/gcc/x86_64-pc-linux-gnu/4.8.1/crtbegin.o -L/usr/lib/gcc/x86_64-pc-linux-gnu/4.8.1 -L/usr/lib/gcc/x86_64-pc-linux-gnu/4.8.1/../../../../lib64 -L/lib/../lib64 -L/usr/lib/../lib64 -L/usr/lib/gcc/x86_64-pc-linux-gnu/4.8.1/../../../../x86_64-pc-linux-gnu/lib -L/usr/lib/gcc/x86_64-pc-linux-gnu/4.8.1/../../.. CMakeFiles/cmTryCompileExec3662464659.dir/CMakeCXXCompilerABI.cpp.o -lstdc++ -lm -lgcc_s -lgcc -lc -lgcc_s -lgcc /usr/lib/gcc/x86_64-pc-linux-gnu/4.8.1/crtend.o /usr/lib/gcc/x86_64-pc-linux-gnu/4.8.1/../../../../lib64/crtn.o
gmake[2]: Выход из каталога `/home/zaharov/dev/zalloc/CMakeFiles/CMakeTmp'
gmake[1]: Выход из каталога `/home/zaharov/dev/zalloc/CMakeFiles/CMakeTmp'


Parsed CXX implicit link information from above output:
  link line regex: [^( *|.*[/\])(ld|ld|collect2)[^/\]*( |$)]
  ignore line: [Change Dir: /home/zaharov/dev/zalloc/CMakeFiles/CMakeTmp]
  ignore line: []
  ignore line: [Run Build Command:/usr/bin/gmake "cmTryCompileExec3662464659/fast"]
  ignore line: [gmake[1]: Вход в каталог `/home/zaharov/dev/zalloc/CMakeFiles/CMakeTmp']
  ignore line: [/usr/bin/gmake -f CMakeFiles/cmTryCompileExec3662464659.dir/build.make CMakeFiles/cmTryCompileExec3662464659.dir/build]
  ignore line: [gmake[2]: Вход в каталог `/home/zaharov/dev/zalloc/CMakeFiles/CMakeTmp']
  ignore line: [/usr/bin/cmake -E cmake_progress_report /home/zaharov/dev/zalloc/CMakeFiles/CMakeTmp/CMakeFiles 1]
  ignore line: [Building CXX object CMakeFiles/cmTryCompileExec3662464659.dir/CMakeCXXCompilerABI.cpp.o]
  ignore line: [/usr/bin/c++     -o CMakeFiles/cmTryCompileExec3662464659.dir/CMakeCXXCompilerABI.cpp.o -c /usr/share/cmake/Modules/CMakeCXXCompilerABI.cpp]
  ignore line: [Linking CXX executable cmTryCompileExec3662464659]
  ignore line: [/usr/bin/cmake -E cmake_link_script CMakeFiles/cmTryCompileExec3662464659.dir/link.txt --verbose=1]
  ignore line: [/usr/bin/c++        -v CMakeFiles/cmTryCompileExec3662464659.dir/CMakeCXXCompilerABI.cpp.o  -o cmTryCompileExec3662464659 -rdynamic  ]
  ignore line: [Используются внутренние спецификации.]
  ignore line: [COLLECT_GCC=/usr/x86_64-pc-linux-gnu/gcc-bin/4.8.1/c++]
  ignore line: [COLLECT_LTO_WRAPPER=/usr/libexec/gcc/x86_64-pc-linux-gnu/4.8.1/lto-wrapper]
  ignore line: [Целевая архитектура: x86_64-pc-linux-gnu]
  ignore line: [Параметры конфигурации: /var/tmp/portage/sys-devel/gcc-4.8.1-r1/work/gcc-4.8.1/configure --host=x86_64-pc-linux-gnu --build=x86_64-pc-linux-gnu --prefix=/usr --bindir=/usr/x86_64-pc-linux-gnu/gcc-bin/4.8.1 --includedir=/usr/lib/gcc/x86_64-pc-linux-gnu/4.8.1/include --datadir=/usr/share/gcc-data/x86_64-pc-linux-gnu/4.8.1 --mandir=/usr/share/gcc-data/x86_64-pc-linux-gnu/4.8.1/man --infodir=/usr/share/gcc-data/x86_64-pc-linux-gnu/4.8.1/info --with-gxx-include-dir=/usr/lib/gcc/x86_64-pc-linux-gnu/4.8.1/include/g++-v4 --with-python-dir=/share/gcc-data/x86_64-pc-linux-gnu/4.8.1/python --enable-languages=c,c++,fortran --enable-obsolete --enable-secureplt --disable-werror --with-system-zlib --enable-nls --without-included-gettext --enable-checking=release --with-bugurl=https://bugs.gentoo.org/ --with-pkgversion='Gentoo 4.8.1-r1 p1.2, pie-0.5.7' --enable-libstdcxx-time --enable-shared --enable-threads=posix --enable-__cxa_atexit --enable-clocale=gnu --enable-multilib --with-multilib-list=m32,m64 --disable-altivec --disable-fixed-point --enable-targets=all --disable-libgcj --enable-libgomp --disable-libmudflap --disable-libssp --enable-lto --without-cloog]
  ignore line: [Модель многопоточности: posix]
  ignore line: [gcc версия 4.8.1 (Gentoo 4.8.1-r1 p1.2, pie-0.5.7) ]
  ignore line: [COMPILER_PATH=/usr/libexec/gcc/x86_64-pc-linux-gnu/4.8.1/:/usr/libexec/gcc/x86_64-pc-linux-gnu/4.8.1/:/usr/libexec/gcc/x86_64-pc-linux-gnu/:/usr/lib/gcc/x86_64-pc-linux-gnu/4.8.1/:/usr/lib/gcc/x86_64-pc-linux-gnu/:/usr/lib/gcc/x86_64-pc-linux-gnu/4.8.1/../../../../x86_64-pc-linux-gnu/bin/]
  ignore line: [LIBRARY_PATH=/usr/lib/gcc/x86_64-pc-linux-gnu/4.8.1/:/usr/lib/gcc/x86_64-pc-linux-gnu/4.8.1/../../../../lib64/:/lib/../lib64/:/usr/lib/../lib64/:/usr/lib/gcc/x86_64-pc-linux-gnu/4.8.1/../../../../x86_64-pc-linux-gnu/lib/:/usr/lib/gcc/x86_64-pc-linux-gnu/4.8.1/../../../:/lib/:/usr/lib/]
  ignore line: [COLLECT_GCC_OPTIONS='-v' '-o' 'cmTryCompileExec3662464659' '-rdynamic' '-shared-libgcc' '-mtune=generic' '-march=x86-64']
  link line: [ /usr/libexec/gcc/x86_64-pc-linux-gnu/4.8.1/collect2 --eh-frame-hdr -m elf_x86_64 -export-dynamic -dynamic-linker /lib64/ld-linux-x86-64.so.2 -o cmTryCompileExec3662464659 /usr/lib/gcc/x86_64-pc-linux-gnu/4.8.1/../../../../lib64/crt1.o /usr/lib/gcc/x86_64-pc-linux-gnu/4.8.1/../../../../lib64/crti.o /usr/lib/gcc/x86_64-pc-linux-gnu/4.8.1/crtbegin.o -L/usr/lib/gcc/x86_64-pc-linux-gnu/4.8.1 -L/usr/lib/gcc/x86_64-pc-linux-gnu/4.8.1/../../../../lib64 -L/lib/../lib64 -L/usr/lib/../lib64 -L/usr/lib/gcc/x86_64-pc-linux-gnu/4.8.1/../../../../x86_64-pc-linux-gnu/lib -L/usr/lib/gcc/x86_64-pc-linux-gnu/4.8.1/../../.. CMakeFiles/cmTryCompileExec3662464659.dir/CMakeCXXCompilerABI.cpp.o -lstdc++ -lm -lgcc_s -lgcc -lc -lgcc_s -lgcc /usr/lib/gcc/x86_64-pc-linux-gnu/4.8.1/crtend.o /usr/lib/gcc/x86_64-pc-linux-gnu/4.8.1/../../../../lib64/crtn.o]
    arg [/usr/libexec/gcc/x86_64-pc-linux-gnu/4.8.1/collect2] ==> ignore
    arg [--eh-frame-hdr] ==> ignore
    arg [-m] ==> ignore
    arg [elf_x86_64] ==> ignore
    arg [-export-dynamic] ==> ignore
    arg [-dynamic-linker] ==> ignore
    arg [/lib64/ld-linux-x86-64.so.2] ==> ignore
    arg [-o] ==> ignore
    arg [cmTryCompileExec3662464659] ==> ignore
    arg [/usr/lib/gcc/x86_64-pc-linux-gnu/4.8.1/../../../../lib64/crt1.o] ==> ignore
    arg [/usr/lib/gcc/x86_64-pc-linux-gnu/4.8.1/../../../../lib64/crti.o] ==> ignore
    arg [/usr/lib/gcc/x86_64-pc-linux-gnu/4.8.1/crtbegin.o] ==> ignore
    arg [-L/usr/lib/gcc/x86_64-pc-linux-gnu/4.8.1] ==> dir [/usr/lib/gcc/x86_64-pc-linux-gnu/4.8.1]
    arg [-L/usr/lib/gcc/x86_64-pc-linux-gnu/4.8.1/../../../../lib64] ==> dir [/usr/lib/gcc/x86_64-pc-linux-gnu/4.8.1/../../../../lib64]
    arg [-L/lib/../lib64] ==> dir [/lib/../lib64]
    arg [-L/usr/lib/../lib64] ==> dir [/usr/lib/../lib64]
    arg [-L/usr/lib/gcc/x86_64-pc-linux-gnu/4.8.1/../../../../x86_64-pc-linux-gnu/lib] ==> dir [/usr/lib/gcc/x86_64-pc-linux-gnu/4.8.1/../../../../x86_64-pc-linux-gnu/lib]
    arg [-L/usr/lib/gcc/x86_64-pc-linux-gnu/4.8.1/../../..] ==> dir [/usr/lib/gcc/x86_64-pc-linux-gnu/4.8.1/../../..]
    arg [CMakeFiles/cmTryCompileExec3662464659.dir/CMakeCXXCompilerABI.cpp.o] ==> ignore
    arg [-lstdc++] ==> lib [stdc++]
    arg [-lm] ==> lib [m]
    arg [-lgcc_s] ==> lib [gcc_s]
    arg [-lgcc] ==> lib [gcc]
    arg [-lc] ==> lib [c]
    arg [-lgcc_s] ==> lib [gcc_s]
    arg [-lgcc] ==> lib [gcc]
    arg [/usr/lib/gcc/x86_64-pc-linux-gnu/4.8.1/crtend.o] ==> ignore
    arg [/usr/lib/gcc/x86_64-pc-linux-gnu/4.8.1/../../../../lib64/crtn.o] ==> ignore
  remove lib [gcc_s]
  remove lib [gcc]
  remove lib [gcc_s]
  remove lib [gcc]
  collapse library dir [/usr/lib/gcc/x86_64-pc-linux-gnu/4.8.1] ==> [/usr/lib/gcc/x86_64-pc-linux-gnu/4.8.1]
  collapse library dir [/usr/lib/gcc/x86_64-pc-linux-gnu/4.8.1/../../../../lib64] ==> [/usr/lib64]
  collapse library dir [/lib/../lib64] ==> [/lib64]
  collapse library dir [/usr/lib/../lib64] ==> [/usr/lib64]
  collapse library dir [/usr/lib/gcc/x86_64-pc-linux-gnu/4.8.1/../../../../x86_64-pc-linux-gnu/lib] ==> [/usr/x86_64-pc-linux-gnu/lib]
  collapse library dir [/usr/lib/gcc/x86_64-pc-linux-gnu/4.8.1/../../..] ==> [/usr/lib]
  implicit libs: [stdc++;m;c]
  implicit dirs: [/usr/lib/gcc/x86_64-pc-linux-gnu/4.8.1;/usr/lib64;/lib64;/usr/x86_64-pc-linux-gnu/lib;/usr/lib]
  implicit fwks: []


